0 verbose cli /usr/bin/node /usr/share/nodejs/npm/bin/npm-cli.js
1 info using npm@9.2.0
2 info using node@v18.13.0
3 timing npm:load:whichnode Completed in 0ms
4 timing config:load:defaults Completed in 3ms
5 timing config:load:file:/usr/share/nodejs/npm/npmrc Completed in 9ms
6 timing config:load:builtin Completed in 9ms
7 timing config:load:cli Completed in 1ms
8 timing config:load:env Completed in 1ms
9 timing config:load:project Completed in 1ms
10 timing config:load:file:/home/osboxes/.npmrc Completed in 0ms
11 timing config:load:user Completed in 0ms
12 timing config:load:file:/etc/npmrc Completed in 1ms
13 timing config:load:global Completed in 1ms
14 timing config:load:setEnvs Completed in 1ms
15 timing config:load Completed in 17ms
16 timing npm:load:configload Completed in 17ms
17 timing npm:load:mkdirpcache Completed in 1ms
18 timing npm:load:mkdirplogs Completed in 1ms
19 verbose title npm exec create-react-app my-react-app
20 verbose argv "exec" "--" "create-react-app" "my-react-app"
21 timing npm:load:setTitle Completed in 2ms
22 timing config:load:flatten Completed in 3ms
23 timing npm:load:display Completed in 4ms
24 verbose logfile logs-max:10 dir:/home/osboxes/.npm/_logs/2023-12-05T07_27_27_633Z-
25 verbose logfile /home/osboxes/.npm/_logs/2023-12-05T07_27_27_633Z-debug-0.log
26 timing npm:load:logFile Completed in 9ms
27 timing npm:load:timers Completed in 0ms
28 timing npm:load:configScope Completed in 0ms
29 timing npm:load Completed in 35ms
30 silly logfile done cleaning log files
31 timing arborist:ctor Completed in 1ms
32 http fetch GET 200 https://registry.npmjs.org/create-react-app 912ms (cache revalidated)
33 timing arborist:ctor Completed in 1ms
34 timing arborist:ctor Completed in 1ms
35 timing arborist:ctor Completed in 0ms
36 timing idealTree:init Completed in 6ms
37 timing idealTree:userRequests Completed in 16ms
38 silly idealTree buildDeps
39 silly fetch manifest create-react-app@5.0.1
40 http fetch GET 200 https://registry.npmjs.org/create-react-app 44ms (cache hit)
41 silly placeDep ROOT create-react-app@5.0.1 OK for:  want: 5.0.1
42 silly fetch manifest chalk@^4.1.2
43 silly fetch manifest commander@^4.1.1
44 silly fetch manifest cross-spawn@^7.0.3
45 silly fetch manifest envinfo@^7.8.1
46 silly fetch manifest fs-extra@^10.0.0
47 silly fetch manifest hyperquest@^2.1.3
48 silly fetch manifest prompts@^2.4.2
49 silly fetch manifest semver@^7.3.5
50 silly fetch manifest tar-pack@^3.4.1
51 silly fetch manifest tmp@^0.2.1
52 silly fetch manifest validate-npm-package-name@^3.0.0
53 http fetch GET 200 https://registry.npmjs.org/chalk 112ms (cache hit)
54 http fetch GET 200 https://registry.npmjs.org/commander 117ms (cache hit)
55 http fetch GET 200 https://registry.npmjs.org/cross-spawn 120ms (cache hit)
56 http fetch GET 200 https://registry.npmjs.org/envinfo 120ms (cache hit)
57 http fetch GET 200 https://registry.npmjs.org/fs-extra 115ms (cache hit)
58 http fetch GET 200 https://registry.npmjs.org/hyperquest 119ms (cache hit)
59 http fetch GET 200 https://registry.npmjs.org/prompts 122ms (cache hit)
60 http fetch GET 200 https://registry.npmjs.org/semver 124ms (cache hit)
61 http fetch GET 200 https://registry.npmjs.org/tar-pack 127ms (cache hit)
62 http fetch GET 200 https://registry.npmjs.org/tmp 139ms (cache hit)
63 http fetch GET 200 https://registry.npmjs.org/validate-npm-package-name 141ms (cache hit)
64 timing idealTree:#root Completed in 245ms
65 silly placeDep ROOT chalk@4.1.2 OK for: create-react-app@5.0.1 want: ^4.1.2
66 silly placeDep ROOT commander@4.1.1 OK for: create-react-app@5.0.1 want: ^4.1.1
67 silly placeDep ROOT cross-spawn@7.0.3 OK for: create-react-app@5.0.1 want: ^7.0.3
68 silly placeDep ROOT envinfo@7.11.0 OK for: create-react-app@5.0.1 want: ^7.8.1
69 silly placeDep ROOT fs-extra@10.1.0 OK for: create-react-app@5.0.1 want: ^10.0.0
70 silly placeDep ROOT hyperquest@2.1.3 OK for: create-react-app@5.0.1 want: ^2.1.3
71 silly placeDep ROOT prompts@2.4.2 OK for: create-react-app@5.0.1 want: ^2.4.2
72 silly placeDep ROOT semver@7.5.4 OK for: create-react-app@5.0.1 want: ^7.3.5
73 silly placeDep ROOT tar-pack@3.4.1 OK for: create-react-app@5.0.1 want: ^3.4.1
74 silly placeDep ROOT tmp@0.2.1 OK for: create-react-app@5.0.1 want: ^0.2.1
75 silly placeDep ROOT validate-npm-package-name@3.0.0 OK for: create-react-app@5.0.1 want: ^3.0.0
76 silly fetch manifest ansi-styles@^4.1.0
77 silly fetch manifest supports-color@^7.1.0
78 silly fetch manifest path-key@^3.1.0
79 silly fetch manifest shebang-command@^2.0.0
80 silly fetch manifest which@^2.0.1
81 silly fetch manifest graceful-fs@^4.2.0
82 silly fetch manifest jsonfile@^6.0.1
83 silly fetch manifest universalify@^2.0.0
84 silly fetch manifest buffer-from@^0.1.1
85 silly fetch manifest duplexer2@~0.0.2
86 silly fetch manifest through2@~0.6.3
87 silly fetch manifest kleur@^3.0.3
88 silly fetch manifest sisteransi@^1.0.5
89 silly fetch manifest lru-cache@^6.0.0
90 silly fetch manifest debug@^2.2.0
91 silly fetch manifest fstream@^1.0.10
92 silly fetch manifest fstream-ignore@^1.0.5
93 silly fetch manifest once@^1.3.3
94 silly fetch manifest readable-stream@^2.1.4
95 silly fetch manifest rimraf@^2.5.1
96 silly fetch manifest tar@^2.2.1
97 silly fetch manifest uid-number@^0.0.6
98 silly fetch manifest rimraf@^3.0.0
99 silly fetch manifest builtins@^1.0.3
100 http fetch GET 200 https://registry.npmjs.org/ansi-styles 215ms (cache hit)
101 http fetch GET 200 https://registry.npmjs.org/supports-color 217ms (cache hit)
102 http fetch GET 200 https://registry.npmjs.org/path-key 217ms (cache hit)
103 http fetch GET 200 https://registry.npmjs.org/shebang-command 217ms (cache hit)
104 http fetch GET 200 https://registry.npmjs.org/which 217ms (cache hit)
105 http fetch GET 200 https://registry.npmjs.org/graceful-fs 219ms (cache hit)
106 http fetch GET 200 https://registry.npmjs.org/jsonfile 222ms (cache hit)
107 http fetch GET 200 https://registry.npmjs.org/universalify 219ms (cache hit)
108 http fetch GET 200 https://registry.npmjs.org/buffer-from 219ms (cache hit)
109 http fetch GET 200 https://registry.npmjs.org/duplexer2 214ms (cache hit)
110 http fetch GET 200 https://registry.npmjs.org/through2 211ms (cache hit)
111 http fetch GET 200 https://registry.npmjs.org/kleur 211ms (cache hit)
112 http fetch GET 200 https://registry.npmjs.org/sisteransi 211ms (cache hit)
113 http fetch GET 200 https://registry.npmjs.org/lru-cache 211ms (cache hit)
114 http fetch GET 200 https://registry.npmjs.org/debug 219ms (cache hit)
115 http fetch GET 200 https://registry.npmjs.org/fstream 245ms (cache hit)
116 http fetch GET 200 https://registry.npmjs.org/fstream-ignore 246ms (cache hit)
117 http fetch GET 200 https://registry.npmjs.org/once 249ms (cache hit)
118 http fetch GET 200 https://registry.npmjs.org/readable-stream 250ms (cache hit)
119 http fetch GET 200 https://registry.npmjs.org/rimraf 253ms (cache hit)
120 http fetch GET 200 https://registry.npmjs.org/tar 253ms (cache hit)
121 http fetch GET 200 https://registry.npmjs.org/uid-number 256ms (cache hit)
122 http fetch GET 200 https://registry.npmjs.org/rimraf 256ms (cache hit)
123 http fetch GET 200 https://registry.npmjs.org/builtins 259ms (cache hit)
124 timing idealTree:node_modules/create-react-app Completed in 351ms
125 silly placeDep ROOT ansi-styles@4.3.0 OK for: chalk@4.1.2 want: ^4.1.0
126 silly placeDep ROOT supports-color@7.2.0 OK for: chalk@4.1.2 want: ^7.1.0
127 silly fetch manifest color-convert@^2.0.1
128 silly fetch manifest has-flag@^4.0.0
129 http fetch GET 200 https://registry.npmjs.org/color-convert 50ms (cache hit)
130 http fetch GET 200 https://registry.npmjs.org/has-flag 50ms (cache hit)
131 timing idealTree:node_modules/chalk Completed in 58ms
132 silly placeDep ROOT color-convert@2.0.1 OK for: ansi-styles@4.3.0 want: ^2.0.1
133 silly fetch manifest color-name@~1.1.4
134 http fetch GET 200 https://registry.npmjs.org/color-name 15ms (cache hit)
135 timing idealTree:node_modules/ansi-styles Completed in 19ms
136 silly placeDep ROOT color-name@1.1.4 OK for: color-convert@2.0.1 want: ~1.1.4
137 timing idealTree:node_modules/color-convert Completed in 2ms
138 timing idealTree:node_modules/color-name Completed in 0ms
139 timing idealTree:node_modules/commander Completed in 0ms
140 silly placeDep ROOT path-key@3.1.1 OK for: cross-spawn@7.0.3 want: ^3.1.0
141 silly placeDep ROOT shebang-command@2.0.0 OK for: cross-spawn@7.0.3 want: ^2.0.0
142 silly placeDep ROOT which@2.0.2 OK for: cross-spawn@7.0.3 want: ^2.0.1
143 silly fetch manifest shebang-regex@^3.0.0
144 silly fetch manifest isexe@^2.0.0
145 http fetch GET 200 https://registry.npmjs.org/shebang-regex 41ms (cache hit)
146 http fetch GET 200 https://registry.npmjs.org/isexe 42ms (cache hit)
147 timing idealTree:node_modules/cross-spawn Completed in 55ms
148 timing idealTree:node_modules/envinfo Completed in 0ms
149 silly placeDep ROOT graceful-fs@4.2.11 OK for: fs-extra@10.1.0 want: ^4.2.0
150 silly placeDep ROOT jsonfile@6.1.0 OK for: fs-extra@10.1.0 want: ^6.0.1
151 silly placeDep ROOT universalify@2.0.1 OK for: fs-extra@10.1.0 want: ^2.0.0
152 timing idealTree:node_modules/fs-extra Completed in 19ms
153 timing idealTree:node_modules/graceful-fs Completed in 0ms
154 silly placeDep ROOT buffer-from@0.1.2 OK for: hyperquest@2.1.3 want: ^0.1.1
155 silly placeDep ROOT duplexer2@0.0.2 OK for: hyperquest@2.1.3 want: ~0.0.2
156 silly placeDep ROOT through2@0.6.5 OK for: hyperquest@2.1.3 want: ~0.6.3
157 silly fetch manifest readable-stream@~1.1.9
158 silly fetch manifest readable-stream@>=1.0.33-1 <1.1.0-0
159 silly fetch manifest xtend@>=4.0.0 <4.1.0-0
160 http fetch GET 200 https://registry.npmjs.org/xtend 17ms (cache hit)
161 timing idealTree:node_modules/hyperquest Completed in 50ms
162 timing idealTree:node_modules/buffer-from Completed in 0ms
163 silly placeDep ROOT readable-stream@1.1.14 OK for: duplexer2@0.0.2 want: ~1.1.9
164 silly fetch manifest core-util-is@~1.0.0
165 silly fetch manifest isarray@0.0.1
166 silly fetch manifest string_decoder@~0.10.x
167 silly fetch manifest inherits@~2.0.1
168 http fetch GET 200 https://registry.npmjs.org/core-util-is 32ms (cache hit)
169 http fetch GET 200 https://registry.npmjs.org/isarray 32ms (cache hit)
170 http fetch GET 200 https://registry.npmjs.org/string_decoder 33ms (cache hit)
171 http fetch GET 200 https://registry.npmjs.org/inherits 27ms (cache hit)
172 timing idealTree:node_modules/duplexer2 Completed in 40ms
173 timing idealTree:node_modules/jsonfile Completed in 0ms
174 timing idealTree:node_modules/path-key Completed in 0ms
175 silly placeDep ROOT kleur@3.0.3 OK for: prompts@2.4.2 want: ^3.0.3
176 silly placeDep ROOT sisteransi@1.0.5 OK for: prompts@2.4.2 want: ^1.0.5
177 timing idealTree:node_modules/prompts Completed in 4ms
178 timing idealTree:node_modules/kleur Completed in 0ms
179 silly placeDep ROOT core-util-is@1.0.3 OK for: readable-stream@1.1.14 want: ~1.0.0
180 silly placeDep ROOT inherits@2.0.4 OK for: readable-stream@1.1.14 want: ~2.0.1
181 silly placeDep ROOT isarray@0.0.1 OK for: readable-stream@1.1.14 want: 0.0.1
182 silly placeDep ROOT string_decoder@0.10.31 OK for: readable-stream@1.1.14 want: ~0.10.x
183 timing idealTree:node_modules/readable-stream Completed in 6ms
184 timing idealTree:node_modules/core-util-is Completed in 0ms
185 timing idealTree:node_modules/inherits Completed in 0ms
186 timing idealTree:node_modules/isarray Completed in 0ms
187 silly placeDep ROOT lru-cache@6.0.0 OK for: semver@7.5.4 want: ^6.0.0
188 silly fetch manifest yallist@^4.0.0
189 http fetch GET 200 https://registry.npmjs.org/yallist 18ms (cache hit)
190 timing idealTree:node_modules/semver Completed in 21ms
191 silly placeDep ROOT yallist@4.0.0 OK for: lru-cache@6.0.0 want: ^4.0.0
192 timing idealTree:node_modules/lru-cache Completed in 2ms
193 silly placeDep ROOT shebang-regex@3.0.0 OK for: shebang-command@2.0.0 want: ^3.0.0
194 timing idealTree:node_modules/shebang-command Completed in 2ms
195 timing idealTree:node_modules/shebang-regex Completed in 0ms
196 timing idealTree:node_modules/sisteransi Completed in 0ms
197 timing idealTree:node_modules/string_decoder Completed in 0ms
198 silly placeDep ROOT has-flag@4.0.0 OK for: supports-color@7.2.0 want: ^4.0.0
199 timing idealTree:node_modules/supports-color Completed in 2ms
200 timing idealTree:node_modules/has-flag Completed in 0ms
201 silly placeDep ROOT debug@2.6.9 OK for: tar-pack@3.4.1 want: ^2.2.0
202 silly placeDep ROOT fstream@1.0.12 OK for: tar-pack@3.4.1 want: ^1.0.10
203 silly placeDep ROOT fstream-ignore@1.0.5 OK for: tar-pack@3.4.1 want: ^1.0.5
204 silly placeDep ROOT once@1.4.0 OK for: tar-pack@3.4.1 want: ^1.3.3
205 silly placeDep node_modules/tar-pack readable-stream@2.3.8 OK for: tar-pack@3.4.1 want: ^2.1.4
206 silly placeDep ROOT rimraf@2.7.1 OK for: tar-pack@3.4.1 want: ^2.5.1
207 silly placeDep ROOT tar@2.2.2 OK for: tar-pack@3.4.1 want: ^2.2.1
208 silly placeDep ROOT uid-number@0.0.6 OK for: tar-pack@3.4.1 want: ^0.0.6
209 silly fetch manifest ms@2.0.0
210 silly fetch manifest mkdirp@>=0.5 0
211 silly fetch manifest minimatch@^3.0.0
212 silly fetch manifest wrappy@1
213 silly fetch manifest isarray@~1.0.0
214 silly fetch manifest process-nextick-args@~2.0.0
215 silly fetch manifest safe-buffer@~5.1.1
216 silly fetch manifest string_decoder@~1.1.1
217 silly fetch manifest util-deprecate@~1.0.1
218 silly fetch manifest glob@^7.1.3
219 silly fetch manifest block-stream@*
220 http fetch GET 200 https://registry.npmjs.org/ms 60ms (cache hit)
221 http fetch GET 200 https://registry.npmjs.org/mkdirp 60ms (cache hit)
222 http fetch GET 200 https://registry.npmjs.org/minimatch 61ms (cache hit)
223 http fetch GET 200 https://registry.npmjs.org/wrappy 65ms (cache hit)
224 http fetch GET 200 https://registry.npmjs.org/process-nextick-args 65ms (cache hit)
225 http fetch GET 200 https://registry.npmjs.org/safe-buffer 61ms (cache hit)
226 http fetch GET 200 https://registry.npmjs.org/util-deprecate 69ms (cache hit)
227 http fetch GET 200 https://registry.npmjs.org/glob 68ms (cache hit)
228 http fetch GET 200 https://registry.npmjs.org/block-stream 72ms (cache hit)
229 timing idealTree:node_modules/tar-pack Completed in 122ms
230 silly placeDep ROOT ms@2.0.0 OK for: debug@2.6.9 want: 2.0.0
231 timing idealTree:node_modules/debug Completed in 1ms
232 silly placeDep ROOT mkdirp@0.5.6 OK for: fstream@1.0.12 want: >=0.5 0
233 silly fetch manifest minimist@^1.2.6
234 http fetch GET 200 https://registry.npmjs.org/minimist 17ms (cache hit)
235 timing idealTree:node_modules/fstream Completed in 20ms
236 silly placeDep ROOT minimatch@3.1.2 OK for: fstream-ignore@1.0.5 want: ^3.0.0
237 silly fetch manifest brace-expansion@^1.1.7
238 http fetch GET 200 https://registry.npmjs.org/brace-expansion 27ms (cache hit)
239 timing idealTree:node_modules/fstream-ignore Completed in 30ms
240 silly placeDep ROOT brace-expansion@1.1.11 OK for: minimatch@3.1.2 want: ^1.1.7
241 silly fetch manifest balanced-match@^1.0.0
242 silly fetch manifest concat-map@0.0.1
243 http fetch GET 200 https://registry.npmjs.org/balanced-match 10ms (cache hit)
244 http fetch GET 200 https://registry.npmjs.org/concat-map 11ms (cache hit)
245 timing idealTree:node_modules/minimatch Completed in 24ms
246 silly placeDep ROOT balanced-match@1.0.2 OK for: brace-expansion@1.1.11 want: ^1.0.0
247 silly placeDep ROOT concat-map@0.0.1 OK for: brace-expansion@1.1.11 want: 0.0.1
248 timing idealTree:node_modules/brace-expansion Completed in 15ms
249 timing idealTree:node_modules/balanced-match Completed in 0ms
250 timing idealTree:node_modules/concat-map Completed in 0ms
251 silly placeDep ROOT minimist@1.2.8 OK for: mkdirp@0.5.6 want: ^1.2.6
252 timing idealTree:node_modules/mkdirp Completed in 1ms
253 timing idealTree:node_modules/minimist Completed in 0ms
254 timing idealTree:node_modules/ms Completed in 0ms
255 silly placeDep ROOT wrappy@1.0.2 OK for: once@1.4.0 want: 1
256 timing idealTree:node_modules/once Completed in 2ms
257 silly placeDep ROOT glob@7.2.3 OK for: rimraf@2.7.1 want: ^7.1.3
258 silly fetch manifest fs.realpath@^1.0.0
259 silly fetch manifest inflight@^1.0.4
260 silly fetch manifest path-is-absolute@^1.0.0
261 http fetch GET 200 https://registry.npmjs.org/fs.realpath 59ms (cache hit)
262 http fetch GET 200 https://registry.npmjs.org/inflight 59ms (cache hit)
263 http fetch GET 200 https://registry.npmjs.org/path-is-absolute 59ms (cache hit)
264 timing idealTree:node_modules/rimraf Completed in 72ms
265 silly placeDep ROOT fs.realpath@1.0.0 OK for: glob@7.2.3 want: ^1.0.0
266 silly placeDep ROOT inflight@1.0.6 OK for: glob@7.2.3 want: ^1.0.4
267 silly placeDep ROOT path-is-absolute@1.0.1 OK for: glob@7.2.3 want: ^1.0.0
268 timing idealTree:node_modules/glob Completed in 4ms
269 timing idealTree:node_modules/fs.realpath Completed in 0ms
270 timing idealTree:node_modules/inflight Completed in 12ms
271 timing idealTree:node_modules/path-is-absolute Completed in 0ms
272 silly placeDep ROOT block-stream@0.0.9 OK for: tar@2.2.2 want: *
273 timing idealTree:node_modules/tar Completed in 3ms
274 timing idealTree:node_modules/block-stream Completed in 0ms
275 silly placeDep node_modules/through2 readable-stream@1.0.34 OK for: through2@0.6.5 want: >=1.0.33-1 <1.1.0-0
276 silly placeDep ROOT xtend@4.0.2 OK for: through2@0.6.5 want: >=4.0.0 <4.1.0-0
277 timing idealTree:node_modules/through2 Completed in 17ms
278 silly placeDep node_modules/tmp rimraf@3.0.2 OK for: tmp@0.2.1 want: ^3.0.0
279 timing idealTree:node_modules/tmp Completed in 2ms
280 timing idealTree:node_modules/uid-number Completed in 0ms
281 timing idealTree:node_modules/universalify Completed in 0ms
282 silly placeDep ROOT builtins@1.0.3 OK for: validate-npm-package-name@3.0.0 want: ^1.0.3
283 timing idealTree:node_modules/validate-npm-package-name Completed in 1ms
284 timing idealTree:node_modules/builtins Completed in 0ms
285 silly placeDep ROOT isexe@2.0.0 OK for: which@2.0.2 want: ^2.0.0
286 timing idealTree:node_modules/which Completed in 1ms
287 timing idealTree:node_modules/isexe Completed in 0ms
288 timing idealTree:node_modules/wrappy Completed in 0ms
289 timing idealTree:node_modules/xtend Completed in 0ms
290 timing idealTree:node_modules/yallist Completed in 0ms
291 silly placeDep node_modules/tar-pack isarray@1.0.0 OK for: readable-stream@2.3.8 want: ~1.0.0
292 silly placeDep ROOT process-nextick-args@2.0.1 OK for: readable-stream@2.3.8 want: ~2.0.0
293 silly placeDep ROOT safe-buffer@5.1.2 OK for: readable-stream@2.3.8 want: ~5.1.1
294 silly placeDep node_modules/tar-pack string_decoder@1.1.1 OK for: readable-stream@2.3.8 want: ~1.1.1
295 silly placeDep ROOT util-deprecate@1.0.2 OK for: readable-stream@2.3.8 want: ~1.0.1
296 timing idealTree:node_modules/tar-pack/node_modules/readable-stream Completed in 17ms
297 timing idealTree:node_modules/process-nextick-args Completed in 0ms
298 timing idealTree:node_modules/safe-buffer Completed in 0ms
299 timing idealTree:node_modules/util-deprecate Completed in 0ms
300 timing idealTree:node_modules/tar-pack/node_modules/isarray Completed in 0ms
301 timing idealTree:node_modules/tar-pack/node_modules/string_decoder Completed in 0ms
302 timing idealTree:node_modules/through2/node_modules/readable-stream Completed in 0ms
303 timing idealTree:node_modules/tmp/node_modules/rimraf Completed in 0ms
304 timing idealTree:buildDeps Completed in 1229ms
305 timing idealTree:fixDepFlags Completed in 1ms
306 timing idealTree Completed in 1254ms
307 timing reify:loadTrees Completed in 1256ms
308 timing reify:diffTrees Completed in 2ms
309 silly reify moves {}
310 timing reify:retireShallow Completed in 1ms
311 timing reify:createSparse Completed in 16ms
312 timing reify:loadBundles Completed in 0ms
313 silly audit bulk request {
313 silly audit   'create-react-app': [ '5.0.1' ],
313 silly audit   chalk: [ '4.1.2' ],
313 silly audit   commander: [ '4.1.1' ],
313 silly audit   'cross-spawn': [ '7.0.3' ],
313 silly audit   envinfo: [ '7.11.0' ],
313 silly audit   'fs-extra': [ '10.1.0' ],
313 silly audit   hyperquest: [ '2.1.3' ],
313 silly audit   prompts: [ '2.4.2' ],
313 silly audit   semver: [ '7.5.4' ],
313 silly audit   'tar-pack': [ '3.4.1' ],
313 silly audit   tmp: [ '0.2.1' ],
313 silly audit   'validate-npm-package-name': [ '3.0.0' ],
313 silly audit   'ansi-styles': [ '4.3.0' ],
313 silly audit   'supports-color': [ '7.2.0' ],
313 silly audit   'color-convert': [ '2.0.1' ],
313 silly audit   'color-name': [ '1.1.4' ],
313 silly audit   'path-key': [ '3.1.1' ],
313 silly audit   'shebang-command': [ '2.0.0' ],
313 silly audit   which: [ '2.0.2' ],
313 silly audit   'graceful-fs': [ '4.2.11' ],
313 silly audit   jsonfile: [ '6.1.0' ],
313 silly audit   universalify: [ '2.0.1' ],
313 silly audit   'buffer-from': [ '0.1.2' ],
313 silly audit   duplexer2: [ '0.0.2' ],
313 silly audit   through2: [ '0.6.5' ],
313 silly audit   'readable-stream': [ '1.1.14', '2.3.8', '1.0.34' ],
313 silly audit   kleur: [ '3.0.3' ],
313 silly audit   sisteransi: [ '1.0.5' ],
313 silly audit   'core-util-is': [ '1.0.3' ],
313 silly audit   inherits: [ '2.0.4' ],
313 silly audit   isarray: [ '0.0.1', '1.0.0' ],
313 silly audit   string_decoder: [ '0.10.31', '1.1.1' ],
313 silly audit   'lru-cache': [ '6.0.0' ],
313 silly audit   yallist: [ '4.0.0' ],
313 silly audit   'shebang-regex': [ '3.0.0' ],
313 silly audit   'has-flag': [ '4.0.0' ],
313 silly audit   debug: [ '2.6.9' ],
313 silly audit   fstream: [ '1.0.12' ],
313 silly audit   'fstream-ignore': [ '1.0.5' ],
313 silly audit   once: [ '1.4.0' ],
313 silly audit   rimraf: [ '2.7.1', '3.0.2' ],
313 silly audit   tar: [ '2.2.2' ],
313 silly audit   'uid-number': [ '0.0.6' ],
313 silly audit   ms: [ '2.0.0' ],
313 silly audit   mkdirp: [ '0.5.6' ],
313 silly audit   minimatch: [ '3.1.2' ],
313 silly audit   'brace-expansion': [ '1.1.11' ],
313 silly audit   'balanced-match': [ '1.0.2' ],
313 silly audit   'concat-map': [ '0.0.1' ],
313 silly audit   minimist: [ '1.2.8' ],
313 silly audit   wrappy: [ '1.0.2' ],
313 silly audit   glob: [ '7.2.3' ],
313 silly audit   'fs.realpath': [ '1.0.0' ],
313 silly audit   inflight: [ '1.0.6' ],
313 silly audit   'path-is-absolute': [ '1.0.1' ],
313 silly audit   'block-stream': [ '0.0.9' ],
313 silly audit   xtend: [ '4.0.2' ],
313 silly audit   builtins: [ '1.0.3' ],
313 silly audit   isexe: [ '2.0.0' ],
313 silly audit   'process-nextick-args': [ '2.0.1' ],
313 silly audit   'safe-buffer': [ '5.1.2' ],
313 silly audit   'util-deprecate': [ '1.0.2' ]
313 silly audit }
314 silly tarball no local data for util-deprecate@https://registry.npmjs.org/util-deprecate/-/util-deprecate-1.0.2.tgz. Extracting by manifest.
315 silly tarball no local data for safe-buffer@https://registry.npmjs.org/safe-buffer/-/safe-buffer-5.1.2.tgz. Extracting by manifest.
316 silly tarball no local data for process-nextick-args@https://registry.npmjs.org/process-nextick-args/-/process-nextick-args-2.0.1.tgz. Extracting by manifest.
317 silly tarball no local data for isexe@https://registry.npmjs.org/isexe/-/isexe-2.0.0.tgz. Extracting by manifest.
318 silly tarball no local data for builtins@https://registry.npmjs.org/builtins/-/builtins-1.0.3.tgz. Extracting by manifest.
319 silly tarball no local data for xtend@https://registry.npmjs.org/xtend/-/xtend-4.0.2.tgz. Extracting by manifest.
320 silly tarball no local data for block-stream@https://registry.npmjs.org/block-stream/-/block-stream-0.0.9.tgz. Extracting by manifest.
321 silly tarball no local data for path-is-absolute@https://registry.npmjs.org/path-is-absolute/-/path-is-absolute-1.0.1.tgz. Extracting by manifest.
322 silly tarball no local data for inflight@https://registry.npmjs.org/inflight/-/inflight-1.0.6.tgz. Extracting by manifest.
323 silly tarball no local data for fs.realpath@https://registry.npmjs.org/fs.realpath/-/fs.realpath-1.0.0.tgz. Extracting by manifest.
324 silly tarball no local data for glob@https://registry.npmjs.org/glob/-/glob-7.2.3.tgz. Extracting by manifest.
325 silly tarball no local data for wrappy@https://registry.npmjs.org/wrappy/-/wrappy-1.0.2.tgz. Extracting by manifest.
326 silly tarball no local data for minimist@https://registry.npmjs.org/minimist/-/minimist-1.2.8.tgz. Extracting by manifest.
327 silly tarball no local data for concat-map@https://registry.npmjs.org/concat-map/-/concat-map-0.0.1.tgz. Extracting by manifest.
328 silly tarball no local data for balanced-match@https://registry.npmjs.org/balanced-match/-/balanced-match-1.0.2.tgz. Extracting by manifest.
329 silly tarball no local data for brace-expansion@https://registry.npmjs.org/brace-expansion/-/brace-expansion-1.1.11.tgz. Extracting by manifest.
330 silly tarball no local data for minimatch@https://registry.npmjs.org/minimatch/-/minimatch-3.1.2.tgz. Extracting by manifest.
331 silly tarball no local data for mkdirp@https://registry.npmjs.org/mkdirp/-/mkdirp-0.5.6.tgz. Extracting by manifest.
332 silly tarball no local data for ms@https://registry.npmjs.org/ms/-/ms-2.0.0.tgz. Extracting by manifest.
333 silly tarball no local data for uid-number@https://registry.npmjs.org/uid-number/-/uid-number-0.0.6.tgz. Extracting by manifest.
334 silly tarball no local data for tar@https://registry.npmjs.org/tar/-/tar-2.2.2.tgz. Extracting by manifest.
335 silly tarball no local data for rimraf@https://registry.npmjs.org/rimraf/-/rimraf-2.7.1.tgz. Extracting by manifest.
336 silly tarball no local data for once@https://registry.npmjs.org/once/-/once-1.4.0.tgz. Extracting by manifest.
337 silly tarball no local data for fstream-ignore@https://registry.npmjs.org/fstream-ignore/-/fstream-ignore-1.0.5.tgz. Extracting by manifest.
338 silly tarball no local data for fstream@https://registry.npmjs.org/fstream/-/fstream-1.0.12.tgz. Extracting by manifest.
339 silly tarball no local data for debug@https://registry.npmjs.org/debug/-/debug-2.6.9.tgz. Extracting by manifest.
340 silly tarball no local data for has-flag@https://registry.npmjs.org/has-flag/-/has-flag-4.0.0.tgz. Extracting by manifest.
341 silly tarball no local data for shebang-regex@https://registry.npmjs.org/shebang-regex/-/shebang-regex-3.0.0.tgz. Extracting by manifest.
342 silly tarball no local data for yallist@https://registry.npmjs.org/yallist/-/yallist-4.0.0.tgz. Extracting by manifest.
343 silly tarball no local data for lru-cache@https://registry.npmjs.org/lru-cache/-/lru-cache-6.0.0.tgz. Extracting by manifest.
344 silly tarball no local data for string_decoder@https://registry.npmjs.org/string_decoder/-/string_decoder-0.10.31.tgz. Extracting by manifest.
345 silly tarball no local data for isarray@https://registry.npmjs.org/isarray/-/isarray-0.0.1.tgz. Extracting by manifest.
346 silly tarball no local data for inherits@https://registry.npmjs.org/inherits/-/inherits-2.0.4.tgz. Extracting by manifest.
347 silly tarball no local data for core-util-is@https://registry.npmjs.org/core-util-is/-/core-util-is-1.0.3.tgz. Extracting by manifest.
348 silly tarball no local data for sisteransi@https://registry.npmjs.org/sisteransi/-/sisteransi-1.0.5.tgz. Extracting by manifest.
349 silly tarball no local data for kleur@https://registry.npmjs.org/kleur/-/kleur-3.0.3.tgz. Extracting by manifest.
350 silly tarball no local data for readable-stream@https://registry.npmjs.org/readable-stream/-/readable-stream-1.1.14.tgz. Extracting by manifest.
351 silly tarball no local data for through2@https://registry.npmjs.org/through2/-/through2-0.6.5.tgz. Extracting by manifest.
352 silly tarball no local data for duplexer2@https://registry.npmjs.org/duplexer2/-/duplexer2-0.0.2.tgz. Extracting by manifest.
353 silly tarball no local data for buffer-from@https://registry.npmjs.org/buffer-from/-/buffer-from-0.1.2.tgz. Extracting by manifest.
354 silly tarball no local data for universalify@https://registry.npmjs.org/universalify/-/universalify-2.0.1.tgz. Extracting by manifest.
355 silly tarball no local data for jsonfile@https://registry.npmjs.org/jsonfile/-/jsonfile-6.1.0.tgz. Extracting by manifest.
356 silly tarball no local data for graceful-fs@https://registry.npmjs.org/graceful-fs/-/graceful-fs-4.2.11.tgz. Extracting by manifest.
357 silly tarball no local data for which@https://registry.npmjs.org/which/-/which-2.0.2.tgz. Extracting by manifest.
358 silly tarball no local data for shebang-command@https://registry.npmjs.org/shebang-command/-/shebang-command-2.0.0.tgz. Extracting by manifest.
359 silly tarball no local data for path-key@https://registry.npmjs.org/path-key/-/path-key-3.1.1.tgz. Extracting by manifest.
360 silly tarball no local data for color-name@https://registry.npmjs.org/color-name/-/color-name-1.1.4.tgz. Extracting by manifest.
361 silly tarball no local data for color-convert@https://registry.npmjs.org/color-convert/-/color-convert-2.0.1.tgz. Extracting by manifest.
362 silly tarball no local data for supports-color@https://registry.npmjs.org/supports-color/-/supports-color-7.2.0.tgz. Extracting by manifest.
363 silly tarball no local data for ansi-styles@https://registry.npmjs.org/ansi-styles/-/ansi-styles-4.3.0.tgz. Extracting by manifest.
364 silly tarball no local data for validate-npm-package-name@https://registry.npmjs.org/validate-npm-package-name/-/validate-npm-package-name-3.0.0.tgz. Extracting by manifest.
365 silly tarball no local data for tmp@https://registry.npmjs.org/tmp/-/tmp-0.2.1.tgz. Extracting by manifest.
366 silly tarball no local data for tar-pack@https://registry.npmjs.org/tar-pack/-/tar-pack-3.4.1.tgz. Extracting by manifest.
367 silly tarball no local data for semver@https://registry.npmjs.org/semver/-/semver-7.5.4.tgz. Extracting by manifest.
368 silly tarball no local data for prompts@https://registry.npmjs.org/prompts/-/prompts-2.4.2.tgz. Extracting by manifest.
369 silly tarball no local data for hyperquest@https://registry.npmjs.org/hyperquest/-/hyperquest-2.1.3.tgz. Extracting by manifest.
370 silly tarball no local data for fs-extra@https://registry.npmjs.org/fs-extra/-/fs-extra-10.1.0.tgz. Extracting by manifest.
371 silly tarball no local data for envinfo@https://registry.npmjs.org/envinfo/-/envinfo-7.11.0.tgz. Extracting by manifest.
372 silly tarball no local data for cross-spawn@https://registry.npmjs.org/cross-spawn/-/cross-spawn-7.0.3.tgz. Extracting by manifest.
373 silly tarball no local data for commander@https://registry.npmjs.org/commander/-/commander-4.1.1.tgz. Extracting by manifest.
374 silly tarball no local data for chalk@https://registry.npmjs.org/chalk/-/chalk-4.1.2.tgz. Extracting by manifest.
375 silly tarball no local data for create-react-app@https://registry.npmjs.org/create-react-app/-/create-react-app-5.0.1.tgz. Extracting by manifest.
376 silly tarball no local data for readable-stream@https://registry.npmjs.org/readable-stream/-/readable-stream-1.0.34.tgz. Extracting by manifest.
377 silly tarball no local data for rimraf@https://registry.npmjs.org/rimraf/-/rimraf-3.0.2.tgz. Extracting by manifest.
378 silly tarball no local data for string_decoder@https://registry.npmjs.org/string_decoder/-/string_decoder-1.1.1.tgz. Extracting by manifest.
379 silly tarball no local data for isarray@https://registry.npmjs.org/isarray/-/isarray-1.0.0.tgz. Extracting by manifest.
380 silly tarball no local data for readable-stream@https://registry.npmjs.org/readable-stream/-/readable-stream-2.3.8.tgz. Extracting by manifest.
381 http fetch POST 200 https://registry.npmjs.org/-/npm/v1/security/advisories/bulk 1403ms
382 timing auditReport:getReport Completed in 1407ms
383 silly audit report {
383 silly audit report   tar: [
383 silly audit report     {
383 silly audit report       id: 1089685,
383 silly audit report       url: 'https://github.com/advisories/GHSA-3jfq-g458-7qm9',
383 silly audit report       title: 'Arbitrary File Creation/Overwrite due to insufficient absolute path sanitization',
383 silly audit report       severity: 'high',
383 silly audit report       vulnerable_versions: '<3.2.2',
383 silly audit report       cwe: [Array],
383 silly audit report       cvss: [Object]
383 silly audit report     },
383 silly audit report     {
383 silly audit report       id: 1095111,
383 silly audit report       url: 'https://github.com/advisories/GHSA-9r2w-394v-53qc',
383 silly audit report       title: 'Arbitrary File Creation/Overwrite via insufficient symlink protection due to directory cache poisoning using symbolic links',
383 silly audit report       severity: 'high',
383 silly audit report       vulnerable_versions: '<4.4.16',
383 silly audit report       cwe: [Array],
383 silly audit report       cvss: [Object]
383 silly audit report     },
383 silly audit report     {
383 silly audit report       id: 1095114,
383 silly audit report       url: 'https://github.com/advisories/GHSA-qq89-hq3f-393p',
383 silly audit report       title: 'Arbitrary File Creation/Overwrite via insufficient symlink protection due to directory cache poisoning using symbolic links',
383 silly audit report       severity: 'high',
383 silly audit report       vulnerable_versions: '<4.4.18',
383 silly audit report       cwe: [Array],
383 silly audit report       cvss: [Object]
383 silly audit report     },
383 silly audit report     {
383 silly audit report       id: 1095117,
383 silly audit report       url: 'https://github.com/advisories/GHSA-5955-9wpr-37jh',
383 silly audit report       title: 'Arbitrary File Creation/Overwrite on Windows via insufficient relative path sanitization',
383 silly audit report       severity: 'high',
383 silly audit report       vulnerable_versions: '<4.4.18',
383 silly audit report       cwe: [Array],
383 silly audit report       cvss: [Object]
383 silly audit report     },
383 silly audit report     {
383 silly audit report       id: 1095108,
383 silly audit report       url: 'https://github.com/advisories/GHSA-r628-mhmh-qjhw',
383 silly audit report       title: 'Arbitrary File Creation/Overwrite via insufficient symlink protection due to directory cache poisoning',
383 silly audit report       severity: 'high',
383 silly audit report       vulnerable_versions: '<3.2.3',
383 silly audit report       cwe: [Array],
383 silly audit report       cvss: [Object]
383 silly audit report     }
383 silly audit report   ]
383 silly audit report }
384 timing metavuln:packument:tar Completed in 1ms
385 timing metavuln:cache:get:security-advisory:tar:Oa066nJpV2ox85F6qnk1N5eWmAmoWAMU7byYhWk4oYfHYrQ8aGHfCKRikfcy0dHDcKWKiPRc7Nz7R9fxKkj0Yw== Completed in 48ms
386 timing metavuln:load:security-advisory:tar:1089685 Completed in 10ms
387 timing metavuln:cache:get:security-advisory:tar:qweLcXkEUn/DfcnjzFJUEu5do6vr8IqTSdS35f49423/NY+krD30fMYGS5ccPHEBFlS0ATRDv0Dw3++xYe5pdA== Completed in 57ms
388 timing metavuln:load:security-advisory:tar:1095111 Completed in 28ms
389 timing metavuln:cache:get:security-advisory:tar:b0fCoK+2otf7Nha52jR5STLJsyDMnvQzBozhYiojLQHUE2MjYnczh0SCYCXIUIFc8ElJtX2G9GuLooD/irrIRQ== Completed in 86ms
390 timing metavuln:load:security-advisory:tar:1095114 Completed in 15ms
391 timing metavuln:cache:get:security-advisory:tar:2lGtz15Gs28nRX11iCY/mSa25Ky4CfNVzD5qptDvtqdkLXPb/znmxdJ/4OrOyJZ2qQgFtnfxP9ee2xfimUMfuw== Completed in 102ms
392 timing metavuln:load:security-advisory:tar:1095117 Completed in 72ms
393 timing metavuln:cache:get:security-advisory:tar:vVEosPeRh9VYBjRp76VzpISqXhQnTb+86nd/JaHYgvIOgMJfjbOqgyVE41AcmG7w/frudHksWA9K841GgfMqHA== Completed in 174ms
394 timing metavuln:load:security-advisory:tar:1095108 Completed in 1ms
395 http fetch GET 200 https://registry.npmjs.org/inflight/-/inflight-1.0.6.tgz 1853ms (cache miss)
396 timing reifyNode:node_modules/inflight Completed in 1963ms
397 http fetch GET 200 https://registry.npmjs.org/xtend/-/xtend-4.0.2.tgz 1861ms (cache miss)
398 timing reifyNode:node_modules/xtend Completed in 1965ms
399 http fetch GET 200 https://registry.npmjs.org/builtins/-/builtins-1.0.3.tgz 1864ms (cache miss)
400 timing reifyNode:node_modules/builtins Completed in 1967ms
401 http fetch GET 200 https://registry.npmjs.org/fs.realpath/-/fs.realpath-1.0.0.tgz 1938ms (cache miss)
402 timing reifyNode:node_modules/fs.realpath Completed in 2052ms
403 http fetch GET 200 https://registry.npmjs.org/process-nextick-args/-/process-nextick-args-2.0.1.tgz 1981ms (cache miss)
404 timing reifyNode:node_modules/process-nextick-args Completed in 2065ms
405 http fetch GET 200 https://registry.npmjs.org/wrappy/-/wrappy-1.0.2.tgz 1948ms (cache miss)
406 timing reifyNode:node_modules/wrappy Completed in 2065ms
407 http fetch GET 200 https://registry.npmjs.org/path-is-absolute/-/path-is-absolute-1.0.1.tgz 1957ms (cache miss)
408 timing reifyNode:node_modules/path-is-absolute Completed in 2065ms
409 http fetch GET 200 https://registry.npmjs.org/util-deprecate/-/util-deprecate-1.0.2.tgz 1985ms (cache miss)
410 timing reifyNode:node_modules/util-deprecate Completed in 2067ms
411 http fetch GET 200 https://registry.npmjs.org/balanced-match/-/balanced-match-1.0.2.tgz 1939ms (cache miss)
412 timing reifyNode:node_modules/balanced-match Completed in 2066ms
413 http fetch GET 200 https://registry.npmjs.org/ms/-/ms-2.0.0.tgz 1922ms (cache miss)
414 timing reifyNode:node_modules/ms Completed in 2066ms
415 http fetch GET 200 https://registry.npmjs.org/uid-number/-/uid-number-0.0.6.tgz 1922ms (cache miss)
416 timing reifyNode:node_modules/uid-number Completed in 2066ms
417 http fetch GET 200 https://registry.npmjs.org/isexe/-/isexe-2.0.0.tgz 2025ms (cache miss)
418 timing reifyNode:node_modules/isexe Completed in 2110ms
419 http fetch GET 200 https://registry.npmjs.org/brace-expansion/-/brace-expansion-1.1.11.tgz 1972ms (cache miss)
420 timing reifyNode:node_modules/brace-expansion Completed in 2110ms
421 http fetch GET 200 https://registry.npmjs.org/block-stream/-/block-stream-0.0.9.tgz 2020ms (cache miss)
422 timing reifyNode:node_modules/block-stream Completed in 2127ms
423 http fetch GET 200 https://registry.npmjs.org/mkdirp/-/mkdirp-0.5.6.tgz 1986ms (cache miss)
424 timing reifyNode:node_modules/mkdirp Completed in 2127ms
425 http fetch GET 200 https://registry.npmjs.org/rimraf/-/rimraf-2.7.1.tgz 1991ms (cache miss)
426 timing reifyNode:node_modules/rimraf Completed in 2136ms
427 http fetch GET 200 https://registry.npmjs.org/once/-/once-1.4.0.tgz 1991ms (cache miss)
428 timing reifyNode:node_modules/once Completed in 2137ms
429 http fetch GET 200 https://registry.npmjs.org/fstream-ignore/-/fstream-ignore-1.0.5.tgz 2012ms (cache miss)
430 timing reifyNode:node_modules/fstream-ignore Completed in 2160ms
431 http fetch GET 200 https://registry.npmjs.org/string_decoder/-/string_decoder-0.10.31.tgz 1989ms (cache miss)
432 timing reifyNode:node_modules/string_decoder Completed in 2162ms
433 http fetch GET 200 https://registry.npmjs.org/core-util-is/-/core-util-is-1.0.3.tgz 1986ms (cache miss)
434 timing reifyNode:node_modules/core-util-is Completed in 2163ms
435 http fetch GET 200 https://registry.npmjs.org/inherits/-/inherits-2.0.4.tgz 1990ms (cache miss)
436 timing reifyNode:node_modules/inherits Completed in 2164ms
437 http fetch GET 200 https://registry.npmjs.org/shebang-command/-/shebang-command-2.0.0.tgz 1953ms (cache miss)
438 timing reifyNode:node_modules/shebang-command Completed in 2167ms
439 http fetch GET 200 https://registry.npmjs.org/concat-map/-/concat-map-0.0.1.tgz 2074ms (cache miss)
440 timing reifyNode:node_modules/concat-map Completed in 2194ms
441 http fetch GET 200 https://registry.npmjs.org/yallist/-/yallist-4.0.0.tgz 2023ms (cache miss)
442 timing reifyNode:node_modules/yallist Completed in 2191ms
443 http fetch GET 200 https://registry.npmjs.org/has-flag/-/has-flag-4.0.0.tgz 2028ms (cache miss)
444 timing reifyNode:node_modules/has-flag Completed in 2191ms
445 http fetch GET 200 https://registry.npmjs.org/shebang-regex/-/shebang-regex-3.0.0.tgz 2028ms (cache miss)
446 timing reifyNode:node_modules/shebang-regex Completed in 2192ms
447 http fetch GET 200 https://registry.npmjs.org/safe-buffer/-/safe-buffer-5.1.2.tgz 2125ms (cache miss)
448 timing reifyNode:node_modules/safe-buffer Completed in 2208ms
449 http fetch GET 200 https://registry.npmjs.org/lru-cache/-/lru-cache-6.0.0.tgz 2035ms (cache miss)
450 timing reifyNode:node_modules/lru-cache Completed in 2206ms
451 http fetch GET 200 https://registry.npmjs.org/kleur/-/kleur-3.0.3.tgz 2013ms (cache miss)
452 timing reifyNode:node_modules/kleur Completed in 2206ms
453 http fetch GET 200 https://registry.npmjs.org/sisteransi/-/sisteransi-1.0.5.tgz 2027ms (cache miss)
454 timing reifyNode:node_modules/sisteransi Completed in 2218ms
455 timing metavuln:cache:put:security-advisory:tar:2lGtz15Gs28nRX11iCY/mSa25Ky4CfNVzD5qptDvtqdkLXPb/znmxdJ/4OrOyJZ2qQgFtnfxP9ee2xfimUMfuw== Completed in 647ms
456 timing metavuln:calculate:security-advisory:tar:1095117 Completed in 821ms
457 http fetch GET 200 https://registry.npmjs.org/isarray/-/isarray-0.0.1.tgz 2047ms (cache miss)
458 timing reifyNode:node_modules/isarray Completed in 2220ms
459 http fetch GET 200 https://registry.npmjs.org/duplexer2/-/duplexer2-0.0.2.tgz 2035ms (cache miss)
460 timing reifyNode:node_modules/duplexer2 Completed in 2232ms
461 http fetch GET 200 https://registry.npmjs.org/buffer-from/-/buffer-from-0.1.2.tgz 2035ms (cache miss)
462 timing reifyNode:node_modules/buffer-from Completed in 2233ms
463 http fetch GET 200 https://registry.npmjs.org/universalify/-/universalify-2.0.1.tgz 2033ms (cache miss)
464 timing reifyNode:node_modules/universalify Completed in 2233ms
465 http fetch GET 200 https://registry.npmjs.org/supports-color/-/supports-color-7.2.0.tgz 2012ms (cache miss)
466 timing reifyNode:node_modules/supports-color Completed in 2233ms
467 http fetch GET 200 https://registry.npmjs.org/color-name/-/color-name-1.1.4.tgz 2015ms (cache miss)
468 timing reifyNode:node_modules/color-name Completed in 2233ms
469 http fetch GET 200 https://registry.npmjs.org/minimatch/-/minimatch-3.1.2.tgz 2129ms (cache miss)
470 timing reifyNode:node_modules/minimatch Completed in 2268ms
471 timing metavuln:cache:put:security-advisory:tar:Oa066nJpV2ox85F6qnk1N5eWmAmoWAMU7byYhWk4oYfHYrQ8aGHfCKRikfcy0dHDcKWKiPRc7Nz7R9fxKkj0Yw== Completed in 825ms
472 timing metavuln:calculate:security-advisory:tar:1089685 Completed in 883ms
473 timing metavuln:cache:put:security-advisory:tar:qweLcXkEUn/DfcnjzFJUEu5do6vr8IqTSdS35f49423/NY+krD30fMYGS5ccPHEBFlS0ATRDv0Dw3++xYe5pdA== Completed in 796ms
474 timing metavuln:calculate:security-advisory:tar:1095111 Completed in 882ms
475 timing metavuln:cache:put:security-advisory:tar:b0fCoK+2otf7Nha52jR5STLJsyDMnvQzBozhYiojLQHUE2MjYnczh0SCYCXIUIFc8ElJtX2G9GuLooD/irrIRQ== Completed in 780ms
476 timing metavuln:calculate:security-advisory:tar:1095114 Completed in 881ms
477 timing metavuln:cache:put:security-advisory:tar:vVEosPeRh9VYBjRp76VzpISqXhQnTb+86nd/JaHYgvIOgMJfjbOqgyVE41AcmG7w/frudHksWA9K841GgfMqHA== Completed in 705ms
478 timing metavuln:calculate:security-advisory:tar:1095108 Completed in 881ms
479 timing metavuln:packument:tar-pack Completed in 0ms
480 http fetch GET 200 https://registry.npmjs.org/path-key/-/path-key-3.1.1.tgz 2065ms (cache miss)
481 timing reifyNode:node_modules/path-key Completed in 2281ms
482 http fetch GET 200 https://registry.npmjs.org/readable-stream/-/readable-stream-1.0.34.tgz 1985ms (cache miss)
483 timing metavuln:cache:get:security-advisory:tar-pack:3KXljJwoAr/NHejfU6kg41RmjF3Pg6M28t7ViuMjk5SYV3kYL9qyGZ417dIFb1Y8K+hhpo0sBWpskxrKhsZQzQ== Completed in 21ms
484 timing metavuln:load:security-advisory:tar-pack:Oa066nJpV2ox85F6qnk1N5eWmAmoWAMU7byYhWk4oYfHYrQ8aGHfCKRikfcy0dHDcKWKiPRc7Nz7R9fxKkj0Yw== Completed in 4ms
485 http fetch GET 200 https://registry.npmjs.org/through2/-/through2-0.6.5.tgz 2116ms (cache miss)
486 timing reifyNode:node_modules/through2 Completed in 2311ms
487 http fetch GET 200 https://registry.npmjs.org/jsonfile/-/jsonfile-6.1.0.tgz 2109ms (cache miss)
488 timing reifyNode:node_modules/jsonfile Completed in 2310ms
489 http fetch GET 200 https://registry.npmjs.org/which/-/which-2.0.2.tgz 2099ms (cache miss)
490 timing reifyNode:node_modules/which Completed in 2311ms
491 http fetch GET 200 https://registry.npmjs.org/glob/-/glob-7.2.3.tgz 2226ms (cache miss)
492 timing reifyNode:node_modules/glob Completed in 2342ms
493 http fetch GET 200 https://registry.npmjs.org/ansi-styles/-/ansi-styles-4.3.0.tgz 2132ms (cache miss)
494 timing reifyNode:node_modules/ansi-styles Completed in 2355ms
495 http fetch GET 200 https://registry.npmjs.org/string_decoder/-/string_decoder-1.1.1.tgz 2057ms (cache miss)
496 timing reifyNode:node_modules/tar-pack/node_modules/string_decoder Completed in 2361ms
497 http fetch GET 200 https://registry.npmjs.org/isarray/-/isarray-1.0.0.tgz 2057ms (cache miss)
498 timing reifyNode:node_modules/tar-pack/node_modules/isarray Completed in 2361ms
499 http fetch GET 200 https://registry.npmjs.org/graceful-fs/-/graceful-fs-4.2.11.tgz 2172ms (cache miss)
500 timing reifyNode:node_modules/graceful-fs Completed in 2375ms
501 http fetch GET 200 https://registry.npmjs.org/color-convert/-/color-convert-2.0.1.tgz 2156ms (cache miss)
502 timing reifyNode:node_modules/color-convert Completed in 2375ms
503 http fetch GET 200 https://registry.npmjs.org/validate-npm-package-name/-/validate-npm-package-name-3.0.0.tgz 2152ms (cache miss)
504 timing reifyNode:node_modules/validate-npm-package-name Completed in 2376ms
505 http fetch GET 200 https://registry.npmjs.org/rimraf/-/rimraf-3.0.2.tgz 2094ms (cache miss)
506 timing reifyNode:node_modules/tmp/node_modules/rimraf Completed in 2396ms
507 http fetch GET 200 https://registry.npmjs.org/tar-pack/-/tar-pack-3.4.1.tgz 2172ms (cache miss)
508 http fetch GET 200 https://registry.npmjs.org/tmp/-/tmp-0.2.1.tgz 2173ms (cache miss)
509 timing reifyNode:node_modules/tmp Completed in 2398ms
510 http fetch GET 200 https://registry.npmjs.org/create-react-app/-/create-react-app-5.0.1.tgz 2126ms (cache miss)
511 timing reifyNode:node_modules/create-react-app Completed in 2423ms
512 timing reifyNode:node_modules/tar-pack Completed in 2425ms
513 timing reifyNode:node_modules/through2/node_modules/readable-stream Completed in 2428ms
514 http fetch GET 200 https://registry.npmjs.org/hyperquest/-/hyperquest-2.1.3.tgz 2167ms (cache miss)
515 http fetch GET 200 https://registry.npmjs.org/cross-spawn/-/cross-spawn-7.0.3.tgz 2163ms (cache miss)
516 timing reifyNode:node_modules/cross-spawn Completed in 2456ms
517 timing metavuln:cache:put:security-advisory:tar-pack:3KXljJwoAr/NHejfU6kg41RmjF3Pg6M28t7ViuMjk5SYV3kYL9qyGZ417dIFb1Y8K+hhpo0sBWpskxrKhsZQzQ== Completed in 168ms
518 timing metavuln:calculate:security-advisory:tar-pack:Oa066nJpV2ox85F6qnk1N5eWmAmoWAMU7byYhWk4oYfHYrQ8aGHfCKRikfcy0dHDcKWKiPRc7Nz7R9fxKkj0Yw== Completed in 193ms
519 timing metavuln:packument:create-react-app Completed in 0ms
520 timing reifyNode:node_modules/hyperquest Completed in 2487ms
521 http fetch GET 200 https://registry.npmjs.org/chalk/-/chalk-4.1.2.tgz 2192ms (cache miss)
522 timing reifyNode:node_modules/chalk Completed in 2488ms
523 timing metavuln:cache:get:security-advisory:create-react-app:BAP5sjD/UipbJVBCija12WlnlurqvRCOfkHPDCK3St763W6JIxpLfRD1F9PMmW4GEaZmK6BFkh/Pye257xPpCw== Completed in 19ms
524 timing metavuln:load:security-advisory:create-react-app:3KXljJwoAr/NHejfU6kg41RmjF3Pg6M28t7ViuMjk5SYV3kYL9qyGZ417dIFb1Y8K+hhpo0sBWpskxrKhsZQzQ== Completed in 14ms
525 http fetch GET 200 https://registry.npmjs.org/minimist/-/minimist-1.2.8.tgz 2454ms (cache miss)
526 timing reifyNode:node_modules/minimist Completed in 2572ms
527 http fetch GET 200 https://registry.npmjs.org/debug/-/debug-2.6.9.tgz 2410ms (cache miss)
528 timing reifyNode:node_modules/debug Completed in 2571ms
529 http fetch GET 200 https://registry.npmjs.org/commander/-/commander-4.1.1.tgz 2277ms (cache miss)
530 timing reifyNode:node_modules/commander Completed in 2572ms
531 http fetch GET 200 https://registry.npmjs.org/readable-stream/-/readable-stream-1.1.14.tgz 2394ms (cache miss)
532 timing reifyNode:node_modules/readable-stream Completed in 2588ms
533 timing metavuln:cache:put:security-advisory:create-react-app:BAP5sjD/UipbJVBCija12WlnlurqvRCOfkHPDCK3St763W6JIxpLfRD1F9PMmW4GEaZmK6BFkh/Pye257xPpCw== Completed in 97ms
534 timing metavuln:calculate:security-advisory:create-react-app:3KXljJwoAr/NHejfU6kg41RmjF3Pg6M28t7ViuMjk5SYV3kYL9qyGZ417dIFb1Y8K+hhpo0sBWpskxrKhsZQzQ== Completed in 131ms
535 timing auditReport:init Completed in 1249ms
536 timing reify:audit Completed in 2659ms
537 http fetch GET 200 https://registry.npmjs.org/fstream/-/fstream-1.0.12.tgz 2531ms (cache miss)
538 timing reifyNode:node_modules/fstream Completed in 2692ms
539 http fetch GET 200 https://registry.npmjs.org/envinfo/-/envinfo-7.11.0.tgz 2408ms (cache miss)
540 timing reifyNode:node_modules/envinfo Completed in 2700ms
541 http fetch GET 200 https://registry.npmjs.org/readable-stream/-/readable-stream-2.3.8.tgz 2405ms (cache miss)
542 timing reifyNode:node_modules/tar-pack/node_modules/readable-stream Completed in 2712ms
543 http fetch GET 200 https://registry.npmjs.org/fs-extra/-/fs-extra-10.1.0.tgz 2483ms (cache miss)
544 timing reifyNode:node_modules/fs-extra Completed in 2774ms
545 http fetch GET 200 https://registry.npmjs.org/semver/-/semver-7.5.4.tgz 2552ms (cache miss)
546 timing reifyNode:node_modules/semver Completed in 2801ms
547 http fetch GET 200 https://registry.npmjs.org/prompts/-/prompts-2.4.2.tgz 2611ms (cache miss)
548 timing reifyNode:node_modules/prompts Completed in 2886ms
549 http fetch GET 200 https://registry.npmjs.org/tar/-/tar-2.2.2.tgz 2790ms (cache miss)
550 warn deprecated tar@2.2.2: This version of tar is no longer supported, and will not receive security updates. Please upgrade asap.
551 timing reifyNode:node_modules/tar Completed in 2940ms
552 timing reify:unpack Completed in 2942ms
553 timing reify:unretire Completed in 1ms
554 timing build:queue Completed in 4ms
555 timing build:link:node_modules/create-react-app Completed in 25ms
556 timing build:link:node_modules/tmp/node_modules/rimraf Completed in 12ms
557 timing build:link:node_modules/envinfo Completed in 13ms
558 timing build:link:node_modules/mkdirp Completed in 12ms
559 timing build:link:node_modules/rimraf Completed in 12ms
560 timing build:link:node_modules/semver Completed in 12ms
561 timing build:link:node_modules/which Completed in 12ms
562 timing build:link Completed in 26ms
563 timing build:deps Completed in 31ms
564 timing build Completed in 31ms
565 timing reify:build Completed in 32ms
566 timing reify:trash Completed in 0ms
567 timing reify:save Completed in 81ms
568 timing reify Completed in 4388ms
569 timing command:exec Completed in 298686ms
570 verbose exit 0
571 timing npm Completed in 298750ms
572 info ok
